# JRE version: OpenJDK Runtime Environment (11.0.11) (build 11.0.11+0-b60-7590822)
# Java VM: OpenJDK 64-Bit Server VM (11.0.11+0-b60-7590822, mixed mode, tiered, compressed oops, g1 gc, linux-amd64)
Heap:
 garbage-first heap   total 638976K, used 227855K [0x0000000080000000, 0x0000000100000000)
  region size 1024K, 8 young (8192K), 8 survivors (8192K)
 Metaspace       used 128112K, capacity 131460K, committed 131620K, reserved 1163264K
  class space    used 15879K, capacity 17096K, committed 17100K, reserved 1048576K
GC Heap History (20 events):
Event: 3205.995 GC heap after
{Heap after GC invocations=47 (full 0):
 garbage-first heap   total 364544K, used 111449K [0x0000000080000000, 0x0000000100000000)
  region size 1024K, 6 young (6144K), 6 survivors (6144K)
 Metaspace       used 127079K, capacity 130324K, committed 130596K, reserved 1163264K
  class space    used 15808K, capacity 17024K, committed 17100K, reserved 1048576K
}
Event: 3207.592 GC heap before
{Heap before GC invocations=48 (full 0):
 garbage-first heap   total 364544K, used 240473K [0x0000000080000000, 0x0000000100000000)
  region size 1024K, 129 young (132096K), 6 survivors (6144K)
 Metaspace       used 127705K, capacity 130955K, committed 131108K, reserved 1163264K
  class space    used 15840K, capacity 17039K, committed 17100K, reserved 1048576K
}
Event: 3207.615 GC heap after
{Heap after GC invocations=49 (full 0):
 garbage-first heap   total 364544K, used 119860K [0x0000000080000000, 0x0000000100000000)
  region size 1024K, 12 young (12288K), 12 survivors (12288K)
 Metaspace       used 127705K, capacity 130955K, committed 131108K, reserved 1163264K
  class space    used 15840K, capacity 17039K, committed 17100K, reserved 1048576K
}
Event: 3207.667 GC heap before
{Heap before GC invocations=49 (full 0):
 garbage-first heap   total 364544K, used 123956K [0x0000000080000000, 0x0000000100000000)
  region size 1024K, 17 young (17408K), 12 survivors (12288K)
 Metaspace       used 127769K, capacity 131040K, committed 131364K, reserved 1163264K
  class space    used 15849K, capacity 17046K, committed 17100K, reserved 1048576K
}
Event: 3207.696 GC heap after
{Heap after GC invocations=50 (full 0):
 garbage-first heap   total 364544K, used 117146K [0x0000000080000000, 0x0000000100000000)
  region size 1024K, 2 young (2048K), 2 survivors (2048K)
 Metaspace       used 127769K, capacity 131040K, committed 131364K, reserved 1163264K
  class space    used 15849K, capacity 17046K, committed 17100K, reserved 1048576K
}
Event: 3207.987 GC heap before
{Heap before GC invocations=50 (full 0):
 garbage-first heap   total 364544K, used 134554K [0x0000000080000000, 0x0000000100000000)
  region size 1024K, 21 young (21504K), 2 survivors (2048K)
 Metaspace       used 128005K, capacity 131316K, committed 131364K, reserved 1163264K
  class space    used 15879K, capacity 17096K, committed 17100K, reserved 1048576K
}
Event: 3208.000 GC heap after
{Heap after GC invocations=51 (full 0):
 garbage-first heap   total 364544K, used 117794K [0x0000000080000000, 0x0000000100000000)
  region size 1024K, 3 young (3072K), 3 survivors (3072K)
 Metaspace       used 128005K, capacity 131316K, committed 131364K, reserved 1163264K
  class space    used 15879K, capacity 17096K, committed 17100K, reserved 1048576K
}
Event: 3209.211 GC heap before
{Heap before GC invocations=52 (full 0):
 garbage-first heap   total 364544K, used 288802K [0x0000000080000000, 0x0000000100000000)
  region size 1024K, 139 young (142336K), 3 survivors (3072K)
 Metaspace       used 128078K, capacity 131383K, committed 131620K, reserved 1163264K
  class space    used 15879K, capacity 17096K, committed 17100K, reserved 1048576K
}
Event: 3209.383 GC heap after
{Heap after GC invocations=53 (full 0):
 garbage-first heap   total 364544K, used 184774K [0x0000000080000000, 0x0000000100000000)
  region size 1024K, 18 young (18432K), 18 survivors (18432K)
 Metaspace       used 128078K, capacity 131383K, committed 131620K, reserved 1163264K
  class space    used 15879K, capacity 17096K, committed 17100K, reserved 1048576K
}
Event: 3209.389 GC heap before
{Heap before GC invocations=53 (full 0):
 garbage-first heap   total 364544K, used 185798K [0x0000000080000000, 0x0000000100000000)
  region size 1024K, 19 young (19456K), 18 survivors (18432K)
 Metaspace       used 128078K, capacity 131383K, committed 131620K, reserved 1163264K
  class space    used 15879K, capacity 17096K, committed 17100K, reserved 1048576K
}
Event: 3209.529 GC heap after
{Heap after GC invocations=54 (full 0):
 garbage-first heap   total 364544K, used 185344K [0x0000000080000000, 0x0000000100000000)
  region size 1024K, 1 young (1024K), 1 survivors (1024K)
 Metaspace       used 128078K, capacity 131383K, committed 131620K, reserved 1163264K
  class space    used 15879K, capacity 17096K, committed 17100K, reserved 1048576K
}
Event: 3209.773 GC heap before
{Heap before GC invocations=54 (full 0):
 garbage-first heap   total 364544K, used 223232K [0x0000000080000000, 0x0000000100000000)
  region size 1024K, 39 young (39936K), 1 survivors (1024K)
 Metaspace       used 128092K, capacity 131392K, committed 131620K, reserved 1163264K
  class space    used 15879K, capacity 17096K, committed 17100K, reserved 1048576K
}
Event: 3209.791 GC heap after
{Heap after GC invocations=55 (full 0):
 garbage-first heap   total 364544K, used 188727K [0x0000000080000000, 0x0000000100000000)
  region size 1024K, 5 young (5120K), 5 survivors (5120K)
 Metaspace       used 128092K, capacity 131392K, committed 131620K, reserved 1163264K
  class space    used 15879K, capacity 17096K, committed 17100K, reserved 1048576K
}
Event: 3211.187 GC heap before
{Heap before GC invocations=56 (full 0):
 garbage-first heap   total 364544K, used 298295K [0x0000000080000000, 0x0000000100000000)
  region size 1024K, 91 young (93184K), 5 survivors (5120K)
 Metaspace       used 128096K, capacity 131456K, committed 131620K, reserved 1163264K
  class space    used 15879K, capacity 17096K, committed 17100K, reserved 1048576K
}
Event: 3211.239 GC heap after
{Heap after GC invocations=57 (full 0):
 garbage-first heap   total 364544K, used 215568K [0x0000000080000000, 0x0000000100000000)
  region size 1024K, 10 young (10240K), 10 survivors (10240K)
 Metaspace       used 128096K, capacity 131456K, committed 131620K, reserved 1163264K
  class space    used 15879K, capacity 17096K, committed 17100K, reserved 1048576K
}
Event: 3211.270 GC heap before
{Heap before GC invocations=57 (full 0):
 garbage-first heap   total 364544K, used 222736K [0x0000000080000000, 0x0000000100000000)
  region size 1024K, 17 young (17408K), 10 survivors (10240K)
 Metaspace       used 128096K, capacity 131456K, committed 131620K, reserved 1163264K
  class space    used 15879K, capacity 17096K, committed 17100K, reserved 1048576K
}
Event: 3211.323 GC heap after
{Heap after GC invocations=58 (full 0):
 garbage-first heap   total 364544K, used 209808K [0x0000000080000000, 0x0000000100000000)
  region size 1024K, 2 young (2048K), 2 survivors (2048K)
 Metaspace       used 128096K, capacity 131456K, committed 131620K, reserved 1163264K
  class space    used 15879K, capacity 17096K, committed 17100K, reserved 1048576K
}
Event: 3211.363 GC heap before
{Heap before GC invocations=58 (full 0):
 garbage-first heap   total 364544K, used 231312K [0x0000000080000000, 0x0000000100000000)
  region size 1024K, 24 young (24576K), 2 survivors (2048K)
 Metaspace       used 128096K, capacity 131456K, committed 131620K, reserved 1163264K
  class space    used 15879K, capacity 17096K, committed 17100K, reserved 1048576K
}
Event: 3211.380 GC heap after
{Heap after GC invocations=59 (full 0):
 garbage-first heap   total 364544K, used 213743K [0x0000000080000000, 0x0000000100000000)
  region size 1024K, 6 young (6144K), 6 survivors (6144K)
 Metaspace       used 128096K, capacity 131456K, committed 131620K, reserved 1163264K
  class space    used 15879K, capacity 17096K, committed 17100K, reserved 1048576K
}
Event: 3211.850 GC heap before
{Heap before GC invocations=59 (full 0):
 garbage-first heap   total 364544K, used 292591K [0x0000000080000000, 0x0000000100000000)
  region size 1024K, 73 young (74752K), 6 survivors (6144K)
 Metaspace       used 128112K, capacity 131460K, committed 131620K, reserved 1163264K
  class space    used 15879K, capacity 17096K, committed 17100K, reserved 1048576K
}

