# JRE version: OpenJDK Runtime Environment (11.0.11) (build 11.0.11+0-b60-7590822)
# Java VM: OpenJDK 64-Bit Server VM (11.0.11+0-b60-7590822, mixed mode, tiered, compressed oops, g1 gc, linux-amd64)
Heap:
 garbage-first heap   total 745472K, used 70116K [0x0000000080000000, 0x0000000100000000)
  region size 1024K, 2 young (2048K), 2 survivors (2048K)
 Metaspace       used 58154K, capacity 60079K, committed 60324K, reserved 1101824K
  class space    used 7438K, capacity 8047K, committed 8064K, reserved 1048576K
GC Heap History (20 events):
Event: 29.389 GC heap after
{Heap after GC invocations=34 (full 0):
 garbage-first heap   total 368640K, used 66471K [0x0000000080000000, 0x0000000100000000)
  region size 1024K, 8 young (8192K), 8 survivors (8192K)
 Metaspace       used 50001K, capacity 51310K, committed 51656K, reserved 1093632K
  class space    used 6439K, capacity 6946K, committed 7040K, reserved 1048576K
}
Event: 30.861 GC heap before
{Heap before GC invocations=34 (full 0):
 garbage-first heap   total 368640K, used 277415K [0x0000000080000000, 0x0000000100000000)
  region size 1024K, 212 young (217088K), 8 survivors (8192K)
 Metaspace       used 50090K, capacity 51375K, committed 51656K, reserved 1093632K
  class space    used 6439K, capacity 6946K, committed 7040K, reserved 1048576K
}
Event: 30.886 GC heap after
{Heap after GC invocations=35 (full 0):
 garbage-first heap   total 368640K, used 64273K [0x0000000080000000, 0x0000000100000000)
  region size 1024K, 5 young (5120K), 5 survivors (5120K)
 Metaspace       used 50090K, capacity 51375K, committed 51656K, reserved 1093632K
  class space    used 6439K, capacity 6946K, committed 7040K, reserved 1048576K
}
Event: 36.236 GC heap before
{Heap before GC invocations=35 (full 0):
 garbage-first heap   total 368640K, used 254737K [0x0000000080000000, 0x0000000100000000)
  region size 1024K, 192 young (196608K), 5 survivors (5120K)
 Metaspace       used 58090K, capacity 60042K, committed 60068K, reserved 1101824K
  class space    used 7443K, capacity 8057K, committed 8064K, reserved 1048576K
}
Event: 36.282 GC heap after
{Heap after GC invocations=36 (full 0):
 garbage-first heap   total 368640K, used 72393K [0x0000000080000000, 0x0000000100000000)
  region size 1024K, 13 young (13312K), 13 survivors (13312K)
 Metaspace       used 58090K, capacity 60042K, committed 60068K, reserved 1101824K
  class space    used 7443K, capacity 8057K, committed 8064K, reserved 1048576K
}
Event: 38.214 GC heap before
{Heap before GC invocations=37 (full 0):
 garbage-first heap   total 368640K, used 279241K [0x0000000080000000, 0x0000000100000000)
  region size 1024K, 216 young (221184K), 13 survivors (13312K)
 Metaspace       used 58091K, capacity 60079K, committed 60324K, reserved 1101824K
  class space    used 7436K, capacity 8047K, committed 8064K, reserved 1048576K
}
Event: 38.297 GC heap after
{Heap after GC invocations=38 (full 0):
 garbage-first heap   total 368640K, used 71687K [0x0000000080000000, 0x0000000100000000)
  region size 1024K, 14 young (14336K), 14 survivors (14336K)
 Metaspace       used 58091K, capacity 60079K, committed 60324K, reserved 1101824K
  class space    used 7436K, capacity 8047K, committed 8064K, reserved 1048576K
}
Event: 39.226 GC heap before
{Heap before GC invocations=38 (full 0):
 garbage-first heap   total 368640K, used 279559K [0x0000000080000000, 0x0000000100000000)
  region size 1024K, 216 young (221184K), 14 survivors (14336K)
 Metaspace       used 58096K, capacity 60079K, committed 60324K, reserved 1101824K
  class space    used 7436K, capacity 8047K, committed 8064K, reserved 1048576K
}
Event: 39.314 GC heap after
{Heap after GC invocations=39 (full 0):
 garbage-first heap   total 368640K, used 73849K [0x0000000080000000, 0x0000000100000000)
  region size 1024K, 15 young (15360K), 15 survivors (15360K)
 Metaspace       used 58096K, capacity 60079K, committed 60324K, reserved 1101824K
  class space    used 7436K, capacity 8047K, committed 8064K, reserved 1048576K
}
Event: 40.363 GC heap before
{Heap before GC invocations=39 (full 0):
 garbage-first heap   total 368640K, used 279673K [0x0000000080000000, 0x0000000100000000)
  region size 1024K, 216 young (221184K), 15 survivors (15360K)
 Metaspace       used 58102K, capacity 60079K, committed 60324K, reserved 1101824K
  class space    used 7436K, capacity 8047K, committed 8064K, reserved 1048576K
}
Event: 40.427 GC heap after
{Heap after GC invocations=40 (full 0):
 garbage-first heap   total 368640K, used 75159K [0x0000000080000000, 0x0000000100000000)
  region size 1024K, 15 young (15360K), 15 survivors (15360K)
 Metaspace       used 58102K, capacity 60079K, committed 60324K, reserved 1101824K
  class space    used 7436K, capacity 8047K, committed 8064K, reserved 1048576K
}
Event: 41.329 GC heap before
{Heap before GC invocations=40 (full 0):
 garbage-first heap   total 368640K, used 280983K [0x0000000080000000, 0x0000000100000000)
  region size 1024K, 217 young (222208K), 15 survivors (15360K)
 Metaspace       used 58110K, capacity 60079K, committed 60324K, reserved 1101824K
  class space    used 7436K, capacity 8047K, committed 8064K, reserved 1048576K
}
Event: 41.419 GC heap after
{Heap after GC invocations=41 (full 0):
 garbage-first heap   total 438272K, used 77312K [0x0000000080000000, 0x0000000100000000)
  region size 1024K, 16 young (16384K), 16 survivors (16384K)
 Metaspace       used 58110K, capacity 60079K, committed 60324K, reserved 1101824K
  class space    used 7436K, capacity 8047K, committed 8064K, reserved 1048576K
}
Event: 42.885 GC heap before
{Heap before GC invocations=41 (full 0):
 garbage-first heap   total 438272K, used 323072K [0x0000000080000000, 0x0000000100000000)
  region size 1024K, 256 young (262144K), 16 survivors (16384K)
 Metaspace       used 58115K, capacity 60079K, committed 60324K, reserved 1101824K
  class space    used 7436K, capacity 8047K, committed 8064K, reserved 1048576K
}
Event: 43.003 GC heap after
{Heap after GC invocations=42 (full 0):
 garbage-first heap   total 438272K, used 75457K [0x0000000080000000, 0x0000000100000000)
  region size 1024K, 15 young (15360K), 15 survivors (15360K)
 Metaspace       used 58115K, capacity 60079K, committed 60324K, reserved 1101824K
  class space    used 7436K, capacity 8047K, committed 8064K, reserved 1048576K
}
Event: 44.752 GC heap before
{Heap before GC invocations=42 (full 0):
 garbage-first heap   total 438272K, used 323265K [0x0000000080000000, 0x0000000100000000)
  region size 1024K, 256 young (262144K), 15 survivors (15360K)
 Metaspace       used 58130K, capacity 60079K, committed 60324K, reserved 1101824K
  class space    used 7437K, capacity 8047K, committed 8064K, reserved 1048576K
}
Event: 44.827 GC heap after
{Heap after GC invocations=43 (full 0):
 garbage-first heap   total 438272K, used 72897K [0x0000000080000000, 0x0000000100000000)
  region size 1024K, 13 young (13312K), 13 survivors (13312K)
 Metaspace       used 58130K, capacity 60079K, committed 60324K, reserved 1101824K
  class space    used 7437K, capacity 8047K, committed 8064K, reserved 1048576K
}
Event: 50.115 GC heap before
{Heap before GC invocations=43 (full 0):
 garbage-first heap   total 438272K, used 321729K [0x0000000080000000, 0x0000000100000000)
  region size 1024K, 256 young (262144K), 13 survivors (13312K)
 Metaspace       used 58153K, capacity 60079K, committed 60324K, reserved 1101824K
  class space    used 7438K, capacity 8047K, committed 8064K, reserved 1048576K
}
Event: 51.331 GC heap after
{Heap after GC invocations=44 (full 0):
 garbage-first heap   total 438272K, used 69831K [0x0000000080000000, 0x0000000100000000)
  region size 1024K, 11 young (11264K), 11 survivors (11264K)
 Metaspace       used 58153K, capacity 60079K, committed 60324K, reserved 1101824K
  class space    used 7438K, capacity 8047K, committed 8064K, reserved 1048576K
}
Event: 52.784 GC heap before
{Heap before GC invocations=44 (full 0):
 garbage-first heap   total 438272K, used 79047K [0x0000000080000000, 0x0000000100000000)
  region size 1024K, 21 young (21504K), 11 survivors (11264K)
 Metaspace       used 58154K, capacity 60079K, committed 60324K, reserved 1101824K
  class space    used 7438K, capacity 8047K, committed 8064K, reserved 1048576K
}

