# JRE version: OpenJDK Runtime Environment (11.0.11) (build 11.0.11+0-b60-7590822)
# Java VM: OpenJDK 64-Bit Server VM (11.0.11+0-b60-7590822, mixed mode, tiered, compressed oops, g1 gc, linux-amd64)
Heap:
 garbage-first heap   total 771072K, used 202140K [0x0000000080000000, 0x0000000100000000)
  region size 1024K, 8 young (8192K), 8 survivors (8192K)
 Metaspace       used 201031K, capacity 206534K, committed 206876K, reserved 1228800K
  class space    used 24796K, capacity 26693K, committed 26828K, reserved 1048576K
GC Heap History (20 events):
Event: 2768.163 GC heap after
{Heap after GC invocations=99 (full 0):
 garbage-first heap   total 531456K, used 326187K [0x0000000080000000, 0x0000000100000000)
  region size 1024K, 2 young (2048K), 2 survivors (2048K)
 Metaspace       used 193801K, capacity 199186K, committed 199452K, reserved 1222656K
  class space    used 24148K, capacity 26021K, committed 26060K, reserved 1048576K
}
Event: 2770.107 GC heap before
{Heap before GC invocations=100 (full 0):
 garbage-first heap   total 531456K, used 363051K [0x0000000080000000, 0x0000000100000000)
  region size 1024K, 70 young (71680K), 2 survivors (2048K)
 Metaspace       used 193817K, capacity 199187K, committed 199452K, reserved 1222656K
  class space    used 24149K, capacity 26021K, committed 26060K, reserved 1048576K
}
Event: 2770.118 GC heap after
{Heap after GC invocations=101 (full 0):
 garbage-first heap   total 531456K, used 288439K [0x0000000080000000, 0x0000000100000000)
  region size 1024K, 2 young (2048K), 2 survivors (2048K)
 Metaspace       used 193817K, capacity 199187K, committed 199452K, reserved 1222656K
  class space    used 24149K, capacity 26021K, committed 26060K, reserved 1048576K
}
Event: 2770.553 GC heap before
{Heap before GC invocations=101 (full 0):
 garbage-first heap   total 531456K, used 308919K [0x0000000080000000, 0x0000000100000000)
  region size 1024K, 23 young (23552K), 2 survivors (2048K)
 Metaspace       used 193835K, capacity 199187K, committed 199452K, reserved 1222656K
  class space    used 24149K, capacity 26021K, committed 26060K, reserved 1048576K
}
Event: 2770.564 GC heap after
{Heap after GC invocations=102 (full 0):
 garbage-first heap   total 531456K, used 285062K [0x0000000080000000, 0x0000000100000000)
  region size 1024K, 1 young (1024K), 1 survivors (1024K)
 Metaspace       used 193835K, capacity 199187K, committed 199452K, reserved 1222656K
  class space    used 24149K, capacity 26021K, committed 26060K, reserved 1048576K
}
Event: 2772.234 GC heap before
{Heap before GC invocations=102 (full 0):
 garbage-first heap   total 531456K, used 487814K [0x0000000080000000, 0x0000000100000000)
  region size 1024K, 113 young (115712K), 1 survivors (1024K)
 Metaspace       used 193885K, capacity 199251K, committed 199452K, reserved 1222656K
  class space    used 24149K, capacity 26021K, committed 26060K, reserved 1048576K
}
Event: 2772.300 GC heap after
{Heap after GC invocations=103 (full 0):
 garbage-first heap   total 531456K, used 342948K [0x0000000080000000, 0x0000000100000000)
  region size 1024K, 2 young (2048K), 2 survivors (2048K)
 Metaspace       used 193885K, capacity 199251K, committed 199452K, reserved 1222656K
  class space    used 24149K, capacity 26021K, committed 26060K, reserved 1048576K
}
Event: 2773.702 GC heap before
{Heap before GC invocations=103 (full 0):
 garbage-first heap   total 531456K, used 432036K [0x0000000080000000, 0x0000000100000000)
  region size 1024K, 90 young (92160K), 2 survivors (2048K)
 Metaspace       used 193890K, capacity 199251K, committed 199452K, reserved 1222656K
  class space    used 24149K, capacity 26021K, committed 26060K, reserved 1048576K
}
Event: 2773.717 GC heap after
{Heap after GC invocations=104 (full 0):
 garbage-first heap   total 531456K, used 326213K [0x0000000080000000, 0x0000000100000000)
  region size 1024K, 1 young (1024K), 1 survivors (1024K)
 Metaspace       used 193890K, capacity 199251K, committed 199452K, reserved 1222656K
  class space    used 24149K, capacity 26021K, committed 26060K, reserved 1048576K
}
Event: 2774.975 GC heap before
{Heap before GC invocations=105 (full 0):
 garbage-first heap   total 531456K, used 437829K [0x0000000080000000, 0x0000000100000000)
  region size 1024K, 110 young (112640K), 1 survivors (1024K)
 Metaspace       used 193934K, capacity 199255K, committed 199452K, reserved 1222656K
  class space    used 24151K, capacity 26022K, committed 26060K, reserved 1048576K
}
Event: 2774.977 GC heap after
{Heap after GC invocations=106 (full 0):
 garbage-first heap   total 531456K, used 319790K [0x0000000080000000, 0x0000000100000000)
  region size 1024K, 1 young (1024K), 1 survivors (1024K)
 Metaspace       used 193934K, capacity 199255K, committed 199452K, reserved 1222656K
  class space    used 24151K, capacity 26022K, committed 26060K, reserved 1048576K
}
Event: 2775.268 GC heap before
{Heap before GC invocations=106 (full 0):
 garbage-first heap   total 531456K, used 436526K [0x0000000080000000, 0x0000000100000000)
  region size 1024K, 115 young (117760K), 1 survivors (1024K)
 Metaspace       used 193941K, capacity 199255K, committed 199452K, reserved 1222656K
  class space    used 24151K, capacity 26022K, committed 26060K, reserved 1048576K
}
Event: 2775.274 GC heap after
{Heap after GC invocations=107 (full 0):
 garbage-first heap   total 531456K, used 203020K [0x0000000080000000, 0x0000000100000000)
  region size 1024K, 1 young (1024K), 1 survivors (1024K)
 Metaspace       used 193941K, capacity 199255K, committed 199452K, reserved 1222656K
  class space    used 24151K, capacity 26022K, committed 26060K, reserved 1048576K
}
Event: 2778.335 GC heap before
{Heap before GC invocations=108 (full 0):
 garbage-first heap   total 531456K, used 348428K [0x0000000080000000, 0x0000000100000000)
  region size 1024K, 127 young (130048K), 1 survivors (1024K)
 Metaspace       used 197970K, capacity 203360K, committed 203932K, reserved 1226752K
  class space    used 24461K, capacity 26326K, committed 26444K, reserved 1048576K
}
Event: 2778.457 GC heap after
{Heap after GC invocations=109 (full 0):
 garbage-first heap   total 531456K, used 215393K [0x0000000080000000, 0x0000000100000000)
  region size 1024K, 13 young (13312K), 13 survivors (13312K)
 Metaspace       used 197970K, capacity 203360K, committed 203932K, reserved 1226752K
  class space    used 24461K, capacity 26326K, committed 26444K, reserved 1048576K
}
Event: 2778.714 GC heap before
{Heap before GC invocations=109 (full 0):
 garbage-first heap   total 531456K, used 226657K [0x0000000080000000, 0x0000000100000000)
  region size 1024K, 25 young (25600K), 13 survivors (13312K)
 Metaspace       used 198328K, capacity 203776K, committed 204188K, reserved 1226752K
  class space    used 24490K, capacity 26358K, committed 26444K, reserved 1048576K
}
Event: 2778.889 GC heap after
{Heap after GC invocations=110 (full 0):
 garbage-first heap   total 531456K, used 218172K [0x0000000080000000, 0x0000000100000000)
  region size 1024K, 4 young (4096K), 4 survivors (4096K)
 Metaspace       used 198328K, capacity 203776K, committed 204188K, reserved 1226752K
  class space    used 24490K, capacity 26358K, committed 26444K, reserved 1048576K
}
Event: 2781.832 GC heap before
{Heap before GC invocations=111 (full 0):
 garbage-first heap   total 531456K, used 285756K [0x0000000080000000, 0x0000000100000000)
  region size 1024K, 81 young (82944K), 4 survivors (4096K)
 Metaspace       used 199894K, capacity 205372K, committed 205852K, reserved 1228800K
  class space    used 24649K, capacity 26545K, committed 26572K, reserved 1048576K
}
Event: 2781.903 GC heap after
{Heap after GC invocations=112 (full 0):
 garbage-first heap   total 531456K, used 198297K [0x0000000080000000, 0x0000000100000000)
  region size 1024K, 4 young (4096K), 4 survivors (4096K)
 Metaspace       used 199894K, capacity 205372K, committed 205852K, reserved 1228800K
  class space    used 24649K, capacity 26545K, committed 26572K, reserved 1048576K
}
Event: 2788.629 GC heap before
{Heap before GC invocations=112 (full 0):
 garbage-first heap   total 531456K, used 290457K [0x0000000080000000, 0x0000000100000000)
  region size 1024K, 95 young (97280K), 4 survivors (4096K)
 Metaspace       used 201031K, capacity 206534K, committed 206876K, reserved 1228800K
  class space    used 24796K, capacity 26693K, committed 26828K, reserved 1048576K
}

